ResetCause: Software
## 1487079953 2017/2/14 13:45:53 4161.25 96.71 >Begin
Config: R6
WS: off
Preflight
preflight: RockBlock good
preflight: Checking weather station
WS: hup
Parsed 0 = 0.00
Parsed -1 = -1.00
Parsed 0.0 = 0.00
Parsed 0.0 = 0.00
Parsed 0 = 0.00
Parsed 0.0 = 0.00
Parsed 0 = 0.00
Parsed 0.0 = 0.00
Parsed 0 = 0.00
Parsed 16.2 = 16.20
Parsed -999.0 = -999.00
Parsed 0.00 = 0.00
Parsed 0.00 = 0.00
Parsed 0.00 = 0.00
Parsed 0.32 = 0.32
Parsed 0.000000 = 0.00
Parsed 0.000000 = 0.00
Parsed 0.0000 = 0.00
Parsed 0 = 0.00
Parsed 0 = 0.00
Parsed 0 = 0.00
Parsed 0 = 0.00
WS: have reading
0.00,-1.00,0.00,0.00,0.00,0.00,0.00,0.00,0.00,16.20,-999.00,0.00,0.00,0.00,0.32,0.00,0.00,0.00,0.00,0.00,0.00,0.00
WS: >CommunicationsOk
WS: off
preflight: Weather station good
preflight: LoRa good
Loop
AW: RR

AW: Done
AW: Exit
## 1487080564 2017/2/14 13:56:4 4145.00 96.23 >WS
WS: Check
WS: hup
WS: >Reading

&%%^
Parsed 0 = 0.00
Parsed -1 = -1.00
Parsed 0.0 = 0.00
Parsed 0.0 = 0.00
Parsed 0 = 0.00
Parsed 0.0 = 0.00
Parsed 0 = 0.00
Parsed 0.0 = 0.00
Parsed 0 = 0.00
Parsed 16.1 = 16.10
Parsed -999.0 = -999.00
Parsed 0.00 = 0.00
Parsed 0.00 = 0.00
Parsed 0.00 = 0.00
Parsed 0.34 = 0.34
Parsed 0.000000 = 0.00
Parsed 0.000000 = 0.00
Parsed 0.0000 = 0.00
Parsed 0 = 0.00
Parsed 0 = 0.00
Parsed 0 = 0.00
Parsed 0 = 0.00
WS: have reading
0.00,-1.00,0.00,0.00,0.00,0.00,0.00,0.00,0.00,16.10,-999.00,0.00,0.00,0.00,0.34,0.00,0.00,0.00,0.00,0.00,0.00,0.00
WS: >Off

&%%^
WS: off

WS: Done
## 1487080575 2017/2/14 13:56:15 4143.75 96.23 >ID
Idle: Begin
ResetCause: Software
## 1487082053 2017/2/14 14:20:53 4121.25 91.02 >Begin
Config: R6
WS: off
Preflight
preflight: RockBlock good
preflight: Checking weather station
WS: hup
WS: have reading
0.00,-1.00,0.00,0.00,0.00,0.00,0.00,0.00,0.00,16.00,22.10,0.00,0.00,101358.50,0.37,0.00,0.00,0.00,0.00,0.00,0.00,0.00
WS: >CommunicationsOk
WS: off
preflight: Weather station good
preflight: LoRa good
Loop
AW: RR
P:0
Ponging!
P:4
Queuing
Acking
P:7
Queuing
Acking
P:4
Queuing
Acking
P:7
Queuing
Acking
P:4
Queuing
Acking
P:7
Queuing
Acking
P:4
Queuing
Acking
P:7
Queuing
Acking
P:4
Queuing
Acking
P:7
Queuing
Acking
P:4
Queuing
Acking
P:7
Queuing
Acking
P:4
Queuing
Acking
P:7
Queuing
Acking
P:4
Queuing
Acking
P:7
Queuing
Acking
P:4
Queuing
Acking
P:7
Queuing
Acking
P:4
Queuing
Acking
P:7
Queuing
Acking
P:4
Queuing
Acking
P:7
Queuing
Acking
P:4
Queuing
Acking
P:7
Queuing
Acking
P:4
Queuing
Acking
P:7
Queuing
Acking
P:4
Queuing
Acking
P:7
Queuing
Acking
P:4
Queuing
Acking
P:7
Queuing
Acking
P:4
Queuing
Acking
P:7
Queuing
Acking
P:4
Queuing
Acking
P:7
Queuing
Acking
P:4
Queuing
Acking
P:7
Queuing
Acking
P:4
Queuing
Acking
P:7
Queuing
Acking
P:4
Queuing
Acking
P:7
Queuing
Acking
P:7
Queuing
Acking
P:4
Queuing
Acking
P:7
Queuing
Acking
P:4
Queuing
Acking
P:7
Queuing
Acking
P:4
Queuing
Acking
P:7
Queuing
Acking
P:4
Queuing
Acking
P:7
Queuing
Acking
P:4
Queuing
Acking
P:7
Queuing
Acking
P:4
Queuing
Acking
P:7
Queuing
Acking
P:4
Queuing
Acking
P:7
Queuing
Acking
P:4
Queuing
Acking
P:7
Queuing
Acking
P:4
Queuing
Acking
P:7
Queuing
Acking
P:4
Queuing
Acking
P:7
Queuing
Acking
P:4
Queuing
Acking
P:7
Queuing
Acking
P:4
Queuing
Acking
P:7
Queuing
Acking
P:4
Queuing
Acking
P:7
Queuing
Acking
P:4
Queuing
Acking
P:7
Queuing
Acking
P:4
Queuing
Acking
P:7
Queuing
Acking

AW: Done
AW: Exit
## 1487082665 2017/2/14 14:31:5 4112.50 91.02 >WS
WS: Check
WS: hup
WS: >Reading

&%%^
WS: have reading
0.00,-1.00,0.00,0.00,0.00,0.00,0.00,0.00,0.00,16.00,22.10,0.00,0.00,101375.25,0.31,0.00,0.00,0.00,0.00,0.00,0.00,0.00
WS: >Off

&%%^
WS: off

WS: Done
## 1487082675 2017/2/14 14:31:15 4098.75 91.02 >ID
Idle: Begin
